GC Heap History (10 events):
Event: 13714.756 GC heap before
{Heap before GC invocations=17 (full 0):
 garbage-first heap   total 263168K, used 81408K [0x00000000c0000000, 0x00000000c0100808, 0x0000000100000000)
  region size 1024K, 12 young (12288K), 2 survivors (2048K)
 Metaspace       used 94844K, capacity 104440K, committed 104864K, reserved 1140736K
  class space    used 11430K, capacity 13967K, committed 14036K, reserved 1048576K
Event: 13714.865 GC heap after
Heap after GC invocations=18 (full 0):
 garbage-first heap   total 263168K, used 68096K [0x00000000c0000000, 0x00000000c0100808, 0x0000000100000000)
  region size 1024K, 2 young (2048K), 2 survivors (2048K)
 Metaspace       used 94844K, capacity 104440K, committed 104864K, reserved 1140736K
  class space    used 11430K, capacity 13967K, committed 14036K, reserved 1048576K
}
Event: 13719.402 GC heap before
{Heap before GC invocations=18 (full 0):
 garbage-first heap   total 263168K, used 78336K [0x00000000c0000000, 0x00000000c0100808, 0x0000000100000000)
  region size 1024K, 12 young (12288K), 2 survivors (2048K)
 Metaspace       used 94917K, capacity 104440K, committed 104864K, reserved 1140736K
  class space    used 11430K, capacity 13967K, committed 14036K, reserved 1048576K
Event: 13719.492 GC heap after
Heap after GC invocations=19 (full 0):
 garbage-first heap   total 263168K, used 69729K [0x00000000c0000000, 0x00000000c0100808, 0x0000000100000000)
  region size 1024K, 2 young (2048K), 2 survivors (2048K)
 Metaspace       used 94917K, capacity 104440K, committed 104864K, reserved 1140736K
  class space    used 11430K, capacity 13967K, committed 14036K, reserved 1048576K
}
Event: 13721.946 GC heap before
{Heap before GC invocations=19 (full 0):
 garbage-first heap   total 263168K, used 79969K [0x00000000c0000000, 0x00000000c0100808, 0x0000000100000000)
  region size 1024K, 12 young (12288K), 2 survivors (2048K)
 Metaspace       used 95319K, capacity 104730K, committed 104864K, reserved 1140736K
  class space    used 11484K, capacity 13995K, committed 14036K, reserved 1048576K
Event: 13721.964 GC heap after
Heap after GC invocations=20 (full 0):
 garbage-first heap   total 263168K, used 69471K [0x00000000c0000000, 0x00000000c0100808, 0x0000000100000000)
  region size 1024K, 1 young (1024K), 1 survivors (1024K)
 Metaspace       used 95319K, capacity 104730K, committed 104864K, reserved 1140736K
  class space    used 11484K, capacity 13995K, committed 14036K, reserved 1048576K
}
Event: 13724.482 GC heap before
{Heap before GC invocations=20 (full 0):
 garbage-first heap   total 263168K, used 80735K [0x00000000c0000000, 0x00000000c0100808, 0x0000000100000000)
  region size 1024K, 12 young (12288K), 1 survivors (1024K)
 Metaspace       used 95629K, capacity 105032K, committed 105120K, reserved 1140736K
  class space    used 11503K, capacity 14030K, committed 14036K, reserved 1048576K
Event: 13724.492 GC heap after
Heap after GC invocations=21 (full 0):
 garbage-first heap   total 263168K, used 71228K [0x00000000c0000000, 0x00000000c0100808, 0x0000000100000000)
  region size 1024K, 2 young (2048K), 2 survivors (2048K)
 Metaspace       used 95629K, capacity 105032K, committed 105120K, reserved 1140736K
  class space    used 11503K, capacity 14030K, committed 14036K, reserved 1048576K
}
Event: 13749.465 GC heap before
{Heap before GC invocations=21 (full 0):
 garbage-first heap   total 263168K, used 119356K [0x00000000c0000000, 0x00000000c0100808, 0x0000000100000000)
  region size 1024K, 49 young (50176K), 2 survivors (2048K)
 Metaspace       used 96092K, capacity 105568K, committed 105632K, reserved 1140736K
  class space    used 11510K, capacity 14034K, committed 14036K, reserved 1048576K
Event: 13749.497 GC heap after
Heap after GC invocations=22 (full 0):
 garbage-first heap   total 263168K, used 75666K [0x00000000c0000000, 0x00000000c0100808, 0x0000000100000000)
  region size 1024K, 7 young (7168K), 7 survivors (7168K)
 Metaspace       used 96092K, capacity 105568K, committed 105632K, reserved 1140736K
  class space    used 11510K, capacity 14034K, committed 14036K, reserved 1048576K
}

